<?xml version="1.0" encoding="UTF-8"?>
<!-- Generated by org.testng.reporters.JUnitXMLReporter -->
<testsuite ignored="0" hostname="ABHINAV" failures="0" tests="4" name="Test" time="0.187" errors="0" timestamp="2022-12-28T12:15:21 IST">
  <testcase classname="scripts.Testcase3" name="demo" time="0.026"/>
  <testcase classname="scripts.Testcase2" name="demo" time="0.004"/>
  <testcase classname="scripts.Testcase4" name="demo" time="0.013"/>
  <testcase classname="scripts.Testcase1" name="demo" time="0.004"/>
</testsuite> <!-- Test -->
