<?xml version="1.0" encoding="UTF-8"?>
<testng-results ignored="0" total="1" passed="1" failed="0" skipped="0">
  <reporter-output>
    <line>
      <![CDATA[hello java]]>
    </line>
  </reporter-output>
  <suite started-at="2023-01-05T11:50:27 IST" name="Default suite" finished-at="2023-01-05T11:50:28 IST" duration-ms="198">
    <groups>
    </groups>
    <test started-at="2023-01-05T11:50:27 IST" name="Default test" finished-at="2023-01-05T11:50:28 IST" duration-ms="198">
      <class name="scripts.Testcase1">
        <test-method signature="demo()[pri:0, instance:scripts.Testcase1@7ce3cb8e]" started-at="2023-01-05T11:50:28 IST" name="demo" finished-at="2023-01-05T11:50:28 IST" duration-ms="32" status="PASS">
          <reporter-output>
            <line>
              <![CDATA[hello java]]>
            </line>
          </reporter-output>
        </test-method> <!-- demo -->
      </class> <!-- scripts.Testcase1 -->
    </test> <!-- Default test -->
  </suite> <!-- Default suite -->
</testng-results>
